Validating found git in: git
Using git 2.25.1 from git
> git rev-parse --git-dir
Open repository: /home/reem
> git status -z -u
> git symbolic-ref --short HEAD
> git for-each-ref --format=%(refname)%00%(upstream:short)%00%(objectname)%00%(upstream:track) refs/heads/master refs/remotes/master
> git for-each-ref --sort -committerdate --format %(refname) %(objectname) %(*objectname)
> git remote --verbose
> git config --get commit.template
> git check-ignore -v -z --stdin
> git check-ignore -v -z --stdin
> git status -z -u
Opening repository for path='/home/reem/vscode_test' failed; ex=Failed to execute git {
  "exitCode": 128,
  "gitErrorCode": "NotAGitRepository",
  "gitCommand": "rev-parse",
  "stdout": "",
  "stderr": "fatal: not a git repository (or any of the parent directories): .git\n"
}
> git init
> git rev-parse --git-dir
Open repository: /home/reem/vscode_test
> git status -z -u
> git symbolic-ref --short HEAD
> git for-each-ref --format=%(refname)%00%(upstream:short)%00%(objectname)%00%(upstream:track) refs/heads/master refs/remotes/master
> git for-each-ref --sort -committerdate --format %(refname) %(objectname) %(*objectname)
> git remote --verbose
> git config --get commit.template
> git add -A -- .
> git -c user.useConfigOnly=true commit --quiet --allow-empty-message --file -

*** Please tell me who you are.

Run

  git config --global user.email "you@example.com"
  git config --global user.name "Your Name"

to set your account's default identity.
Omit --global to set the identity only in this repository.

fatal: no email was given and auto-detection is disabled
> git config --get-all user.name
> git show --textconv :test.py
> git ls-files --stage -- /home/reem/vscode_test/test.py
> git cat-file -s e69de29bb2d1d6434b8b29ae775ad8c2e48c5391
> git check-ignore -v -z --stdin
> git ls-files --stage -- /home/reem/vscode_test/test.py
> git cat-file -s e69de29bb2d1d6434b8b29ae775ad8c2e48c5391
> git show --textconv :test.py
> git status -z -u
> git symbolic-ref --short HEAD
> git for-each-ref --format=%(refname)%00%(upstream:short)%00%(objectname)%00%(upstream:track) refs/heads/master refs/remotes/master
> git for-each-ref --sort -committerdate --format %(refname) %(objectname) %(*objectname)
> git remote --verbose
> git config --get commit.template
> git status -z -u
> git symbolic-ref --short HEAD
> git for-each-ref --format=%(refname)%00%(upstream:short)%00%(objectname)%00%(upstream:track) refs/heads/master refs/remotes/master
> git for-each-ref --sort -committerdate --format %(refname) %(objectname) %(*objectname)
> git remote --verbose
> git config --get commit.template
> git status -z -u
> git symbolic-ref --short HEAD
> git for-each-ref --format=%(refname)%00%(upstream:short)%00%(objectname)%00%(upstream:track) refs/heads/master refs/remotes/master
> git for-each-ref --sort -committerdate --format %(refname) %(objectname) %(*objectname)
> git remote --verbose
> git config --get commit.template
> git status -z -u
> git symbolic-ref --short HEAD
> git for-each-ref --format=%(refname)%00%(upstream:short)%00%(objectname)%00%(upstream:track) refs/heads/master refs/remotes/master
> git for-each-ref --sort -committerdate --format %(refname) %(objectname) %(*objectname)
> git remote --verbose
> git config --get commit.template
> git status -z -u
> git symbolic-ref --short HEAD
> git for-each-ref --format=%(refname)%00%(upstream:short)%00%(objectname)%00%(upstream:track) refs/heads/master refs/remotes/master
> git for-each-ref --sort -committerdate --format %(refname) %(objectname) %(*objectname)
> git remote --verbose
> git config --get commit.template
> git status -z -u
> git symbolic-ref --short HEAD
> git for-each-ref --format=%(refname)%00%(upstream:short)%00%(objectname)%00%(upstream:track) refs/heads/master refs/remotes/master
> git for-each-ref --sort -committerdate --format %(refname) %(objectname) %(*objectname)
> git remote --verbose
> git config --get commit.template
> git show --textconv :test.py
> git ls-files --stage -- /home/reem/vscode_test/test.py
> git cat-file -s e69de29bb2d1d6434b8b29ae775ad8c2e48c5391
> git show --textconv HEAD:test.py
> git show --textconv :test.py
> git ls-tree -l HEAD -- /home/reem/vscode_test/test.py
> git ls-files --stage -- /home/reem/vscode_test/test.py
fatal: Not a valid object name HEAD
> git cat-file -s e69de29bb2d1d6434b8b29ae775ad8c2e48c5391
> git check-ignore -v -z --stdin
> git show --textconv :test.py
> git ls-files --stage -- /home/reem/vscode_test/test.py
> git cat-file -s e69de29bb2d1d6434b8b29ae775ad8c2e48c5391
> git -c user.useConfigOnly=true commit --quiet --allow-empty-message --file -
> git status -z -u
> git symbolic-ref --short HEAD
> git for-each-ref --format=%(refname)%00%(upstream:short)%00%(objectname)%00%(upstream:track) refs/heads/master refs/remotes/master
> git for-each-ref --sort -committerdate --format %(refname) %(objectname) %(*objectname)
> git remote --verbose
> git config --get commit.template
> git config --get commit.template
> git ls-tree -l HEAD -- /home/reem/vscode_test/test.py
> git show --textconv HEAD:test.py
> git status -z -u
> git symbolic-ref --short HEAD
> git for-each-ref --format=%(refname)%00%(upstream:short)%00%(objectname)%00%(upstream:track) refs/heads/master refs/remotes/master
> git for-each-ref --sort -committerdate --format %(refname) %(objectname) %(*objectname)
> git remote --verbose
> git config --get commit.template
> git status -z -u
> git symbolic-ref --short HEAD
> git for-each-ref --format=%(refname)%00%(upstream:short)%00%(objectname)%00%(upstream:track) refs/heads/master refs/remotes/master
> git for-each-ref --sort -committerdate --format %(refname) %(objectname) %(*objectname)
> git remote --verbose
> git config --get commit.template
> git status -z -u
> git symbolic-ref --short HEAD
> git for-each-ref --format=%(refname)%00%(upstream:short)%00%(objectname)%00%(upstream:track) refs/heads/master refs/remotes/master
> git for-each-ref --sort -committerdate --format %(refname) %(objectname) %(*objectname)
> git remote --verbose
> git config --get commit.template
> git status -z -u
> git symbolic-ref --short HEAD
> git for-each-ref --format=%(refname)%00%(upstream:short)%00%(objectname)%00%(upstream:track) refs/heads/master refs/remotes/master
> git for-each-ref --sort -committerdate --format %(refname) %(objectname) %(*objectname)
> git remote --verbose
> git config --get commit.template
> git ls-tree -l HEAD -- /home/reem/vscode_test/test.py
> git status -z -u
> git symbolic-ref --short HEAD
> git for-each-ref --format=%(refname)%00%(upstream:short)%00%(objectname)%00%(upstream:track) refs/heads/master refs/remotes/master
> git for-each-ref --sort -committerdate --format %(refname) %(objectname) %(*objectname)
> git remote --verbose
> git config --get commit.template
> git status -z -u
> git symbolic-ref --short HEAD
> git for-each-ref --format=%(refname)%00%(upstream:short)%00%(objectname)%00%(upstream:track) refs/heads/master refs/remotes/master
> git for-each-ref --sort -committerdate --format %(refname) %(objectname) %(*objectname)
> git remote --verbose
> git config --get commit.template
> git ls-tree -l HEAD -- /home/reem/vscode_test/test.py
> git add -A -- .
> git -c user.useConfigOnly=true commit --quiet --allow-empty-message --file -
> git status -z -u
> git symbolic-ref --short HEAD
> git for-each-ref --format=%(refname)%00%(upstream:short)%00%(objectname)%00%(upstream:track) refs/heads/master refs/remotes/master
> git for-each-ref --sort -committerdate --format %(refname) %(objectname) %(*objectname)
> git remote --verbose
> git config --get commit.template
> git config --get commit.template
> git ls-tree -l HEAD -- /home/reem/vscode_test/test.py
> git show --textconv HEAD:test.py
> git status -z -u
> git symbolic-ref --short HEAD
> git for-each-ref --format=%(refname)%00%(upstream:short)%00%(objectname)%00%(upstream:track) refs/heads/master refs/remotes/master
> git for-each-ref --sort -committerdate --format %(refname) %(objectname) %(*objectname)
> git remote --verbose
> git config --get commit.template
> git symbolic-ref --short HEAD
> git remote add origin https://github.com/reemsu/vscode_test.git
> git status -z -u
> git symbolic-ref --short HEAD
> git for-each-ref --format=%(refname)%00%(upstream:short)%00%(objectname)%00%(upstream:track) refs/heads/master refs/remotes/master
> git for-each-ref --sort -committerdate --format %(refname) %(objectname) %(*objectname)
> git remote --verbose
> git config --get commit.template
> git push -u origin master
> git ls-tree -l HEAD -- /home/reem/vscode_test/test.py
> git show --textconv HEAD:test.py
To https://github.com/reemsu/vscode_test.git
 * [new branch]      master -> master
> git status -z -u
> git symbolic-ref --short HEAD
> git for-each-ref --format=%(refname)%00%(upstream:short)%00%(objectname)%00%(upstream:track) refs/heads/master refs/remotes/master
> git for-each-ref --sort -committerdate --format %(refname) %(objectname) %(*objectname)
> git remote --verbose
> git config --get commit.template
> git ls-tree -l HEAD -- /home/reem/vscode_test/test.py
> git show --textconv HEAD:test.py
> git status -z -u
> git symbolic-ref --short HEAD
> git for-each-ref --format=%(refname)%00%(upstream:short)%00%(objectname)%00%(upstream:track) refs/heads/master refs/remotes/master
> git for-each-ref --sort -committerdate --format %(refname) %(objectname) %(*objectname)
> git remote --verbose
> git config --get commit.template
> git fetch
Missing or invalid credentials.
Skip silent fetch commands
Missing or invalid credentials.
Skip silent fetch commands
remote: Repository not found.
fatal: Authentication failed for 'https://github.com/reemsu/vscode_test.git/'
> git ls-tree -l HEAD -- /home/reem/vscode_test/test.py
> git show --textconv HEAD:test.py
> git status -z -u
> git symbolic-ref --short HEAD
> git for-each-ref --format=%(refname)%00%(upstream:short)%00%(objectname)%00%(upstream:track) refs/heads/master refs/remotes/master
> git for-each-ref --sort -committerdate --format %(refname) %(objectname) %(*objectname)
> git remote --verbose
> git config --get commit.template
> git log --format=%H%n%aN%n%aE%n%at%n%ct%n%P%n%B -z -n21 -- /home/reem/vscode_test/test.py
> git show --textconv :test.py
> git ls-files --stage -- /home/reem/vscode_test/test.py
> git cat-file -s 665c637a360874ce43bf74018768a96d2d4d219a
> git status -z -u
> git symbolic-ref --short HEAD
> git for-each-ref --format=%(refname)%00%(upstream:short)%00%(objectname)%00%(upstream:track) refs/heads/master refs/remotes/master
> git for-each-ref --sort -committerdate --format %(refname) %(objectname) %(*objectname)
> git remote --verbose
> git config --get commit.template
> git status -z -u
> git symbolic-ref --short HEAD
> git for-each-ref --format=%(refname)%00%(upstream:short)%00%(objectname)%00%(upstream:track) refs/heads/master refs/remotes/master
> git for-each-ref --sort -committerdate --format %(refname) %(objectname) %(*objectname)
> git remote --verbose
> git config --get commit.template
> git rev-list --count bbb2629a7f36832cb1bd8030641b2305c0798bc8.. -- /home/reem/vscode_test/test.py
> git ls-tree -l HEAD -- /home/reem/vscode_test/test.py
> git log --format=%H%n%aN%n%aE%n%at%n%ct%n%P%n%B -z -n3 -- /home/reem/vscode_test/test.py
> git show --textconv :test.py
> git ls-files --stage -- /home/reem/vscode_test/test.py
> git cat-file -s 665c637a360874ce43bf74018768a96d2d4d219a
> git ls-tree -l HEAD -- /home/reem/vscode_test/test.py
> git show --textconv :test.py
> git ls-files --stage -- /home/reem/vscode_test/test.py
> git cat-file -s 665c637a360874ce43bf74018768a96d2d4d219a
> git ls-tree -l HEAD -- /home/reem/vscode_test/test.py
> git status -z -u
> git symbolic-ref --short HEAD
> git for-each-ref --format=%(refname)%00%(upstream:short)%00%(objectname)%00%(upstream:track) refs/heads/master refs/remotes/master
> git for-each-ref --sort -committerdate --format %(refname) %(objectname) %(*objectname)
> git remote --verbose
> git config --get commit.template
> git status -z -u
> git symbolic-ref --short HEAD
> git for-each-ref --format=%(refname)%00%(upstream:short)%00%(objectname)%00%(upstream:track) refs/heads/master refs/remotes/master
> git for-each-ref --sort -committerdate --format %(refname) %(objectname) %(*objectname)
> git remote --verbose
> git config --get commit.template
> git status -z -u
> git symbolic-ref --short HEAD
> git for-each-ref --format=%(refname)%00%(upstream:short)%00%(objectname)%00%(upstream:track) refs/heads/master refs/remotes/master
> git for-each-ref --sort -committerdate --format %(refname) %(objectname) %(*objectname)
> git remote --verbose
> git config --get commit.template
> git status -z -u
> git symbolic-ref --short HEAD
> git for-each-ref --format=%(refname)%00%(upstream:short)%00%(objectname)%00%(upstream:track) refs/heads/master refs/remotes/master
> git for-each-ref --sort -committerdate --format %(refname) %(objectname) %(*objectname)
> git remote --verbose
> git config --get commit.template
> git rev-list --count bbb2629a7f36832cb1bd8030641b2305c0798bc8.. -- /home/reem/vscode_test/test.py
> git log --format=%H%n%aN%n%aE%n%at%n%ct%n%P%n%B -z -n3 -- /home/reem/vscode_test/test.py
> git show --textconv :test.py
> git ls-files --stage -- /home/reem/vscode_test/test.py
> git cat-file -s 665c637a360874ce43bf74018768a96d2d4d219a
> git add -A -- .
> git -c user.useConfigOnly=true commit --quiet --allow-empty-message --file -
> git status -z -u
> git symbolic-ref --short HEAD
> git for-each-ref --format=%(refname)%00%(upstream:short)%00%(objectname)%00%(upstream:track) refs/heads/master refs/remotes/master
> git for-each-ref --sort -committerdate --format %(refname) %(objectname) %(*objectname)
> git remote --verbose
> git config --get commit.template
> git config --get commit.template
> git ls-tree -l HEAD -- /home/reem/vscode_test/test.py
> git ls-files --stage -- /home/reem/vscode_test/test.py
> git show --textconv HEAD:test.py
> git cat-file -s f2e8ff4a61d6c7c70d981d717cd25fd6465ddaab
> git show --textconv :test.py
> git status -z -u
> git symbolic-ref --short HEAD
> git for-each-ref --format=%(refname)%00%(upstream:short)%00%(objectname)%00%(upstream:track) refs/heads/master refs/remotes/master
> git for-each-ref --sort -committerdate --format %(refname) %(objectname) %(*objectname)
> git remote --verbose
> git config --get commit.template
> git log --oneline --cherry master...master@{upstream} --
> git pull --tags origin master
> git status -z -u
> git symbolic-ref --short HEAD
> git for-each-ref --format=%(refname)%00%(upstream:short)%00%(objectname)%00%(upstream:track) refs/heads/master refs/remotes/master
From https://github.com/reemsu/vscode_test
 * branch            master     -> FETCH_HEAD
> git push origin master:master
> git for-each-ref --sort -committerdate --format %(refname) %(objectname) %(*objectname)
> git remote --verbose
> git config --get commit.template
> git ls-tree -l HEAD -- /home/reem/vscode_test/test.py
> git ls-files --stage -- /home/reem/vscode_test/test.py
> git show --textconv HEAD:test.py
> git cat-file -s f2e8ff4a61d6c7c70d981d717cd25fd6465ddaab
> git show --textconv :test.py
To https://github.com/reemsu/vscode_test.git
   6128368..e31b62c  master -> master
> git status -z -u
> git symbolic-ref --short HEAD
> git for-each-ref --format=%(refname)%00%(upstream:short)%00%(objectname)%00%(upstream:track) refs/heads/master refs/remotes/master
> git for-each-ref --sort -committerdate --format %(refname) %(objectname) %(*objectname)
> git remote --verbose
> git config --get commit.template
> git ls-tree -l HEAD -- /home/reem/vscode_test/test.py
> git ls-files --stage -- /home/reem/vscode_test/test.py
> git show --textconv HEAD:test.py
> git cat-file -s f2e8ff4a61d6c7c70d981d717cd25fd6465ddaab
> git show --textconv :test.py
> git status -z -u
> git symbolic-ref --short HEAD
> git for-each-ref --format=%(refname)%00%(upstream:short)%00%(objectname)%00%(upstream:track) refs/heads/master refs/remotes/master
> git for-each-ref --sort -committerdate --format %(refname) %(objectname) %(*objectname)
> git remote --verbose
> git config --get commit.template
> git status -z -u
> git symbolic-ref --short HEAD
> git for-each-ref --format=%(refname)%00%(upstream:short)%00%(objectname)%00%(upstream:track) refs/heads/master refs/remotes/master
> git for-each-ref --sort -committerdate --format %(refname) %(objectname) %(*objectname)
> git remote --verbose
> git config --get commit.template
> git status -z -u
> git symbolic-ref --short HEAD
> git for-each-ref --format=%(refname)%00%(upstream:short)%00%(objectname)%00%(upstream:track) refs/heads/master refs/remotes/master
> git for-each-ref --sort -committerdate --format %(refname) %(objectname) %(*objectname)
> git remote --verbose
> git config --get commit.template
> git status -z -u
> git symbolic-ref --short HEAD
> git for-each-ref --format=%(refname)%00%(upstream:short)%00%(objectname)%00%(upstream:track) refs/heads/master refs/remotes/master
> git for-each-ref --sort -committerdate --format %(refname) %(objectname) %(*objectname)
> git remote --verbose
> git config --get commit.template
> git status -z -u
> git symbolic-ref --short HEAD
> git for-each-ref --format=%(refname)%00%(upstream:short)%00%(objectname)%00%(upstream:track) refs/heads/master refs/remotes/master
> git for-each-ref --sort -committerdate --format %(refname) %(objectname) %(*objectname)
> git remote --verbose
> git config --get commit.template
> git status -z -u
> git symbolic-ref --short HEAD
> git for-each-ref --format=%(refname)%00%(upstream:short)%00%(objectname)%00%(upstream:track) refs/heads/master refs/remotes/master
> git for-each-ref --sort -committerdate --format %(refname) %(objectname) %(*objectname)
> git remote --verbose
> git config --get commit.template
> git status -z -u
> git symbolic-ref --short HEAD
> git for-each-ref --format=%(refname)%00%(upstream:short)%00%(objectname)%00%(upstream:track) refs/heads/master refs/remotes/master
> git for-each-ref --sort -committerdate --format %(refname) %(objectname) %(*objectname)
> git remote --verbose
> git config --get commit.template
> git status -z -u
> git symbolic-ref --short HEAD
> git for-each-ref --format=%(refname)%00%(upstream:short)%00%(objectname)%00%(upstream:track) refs/heads/master refs/remotes/master
> git for-each-ref --sort -committerdate --format %(refname) %(objectname) %(*objectname)
> git remote --verbose
> git config --get commit.template
> git add -A -- .
> git -c user.useConfigOnly=true commit --quiet --allow-empty-message --file - --allow-empty
> git status -z -u
> git symbolic-ref --short HEAD
> git for-each-ref --format=%(refname)%00%(upstream:short)%00%(objectname)%00%(upstream:track) refs/heads/master refs/remotes/master
> git for-each-ref --sort -committerdate --format %(refname) %(objectname) %(*objectname)
> git remote --verbose
> git config --get commit.template
> git config --get commit.template
> git ls-tree -l HEAD -- /home/reem/vscode_test/test.py
> git ls-files --stage -- /home/reem/vscode_test/test.py
> git cat-file -s f2e8ff4a61d6c7c70d981d717cd25fd6465ddaab
> git show --textconv HEAD:test.py
> git show --textconv :test.py
> git status -z -u
> git symbolic-ref --short HEAD
> git for-each-ref --format=%(refname)%00%(upstream:short)%00%(objectname)%00%(upstream:track) refs/heads/master refs/remotes/master
> git for-each-ref --sort -committerdate --format %(refname) %(objectname) %(*objectname)
> git remote --verbose
> git config --get commit.template
> git push origin master
To https://github.com/reemsu/vscode_test.git
   e31b62c..7779df6  master -> master
> git status -z -u
> git symbolic-ref --short HEAD
> git for-each-ref --format=%(refname)%00%(upstream:short)%00%(objectname)%00%(upstream:track) refs/heads/master refs/remotes/master
> git for-each-ref --sort -committerdate --format %(refname) %(objectname) %(*objectname)
> git remote --verbose
> git config --get commit.template
> git ls-tree -l HEAD -- /home/reem/vscode_test/test.py
> git ls-files --stage -- /home/reem/vscode_test/test.py
> git show --textconv HEAD:test.py
> git cat-file -s f2e8ff4a61d6c7c70d981d717cd25fd6465ddaab
> git show --textconv :test.py
> git status -z -u
> git symbolic-ref --short HEAD
> git for-each-ref --format=%(refname)%00%(upstream:short)%00%(objectname)%00%(upstream:track) refs/heads/master refs/remotes/master
> git for-each-ref --sort -committerdate --format %(refname) %(objectname) %(*objectname)
> git remote --verbose
> git config --get commit.template
> git ls-tree -l HEAD -- /home/reem/vscode_test/test.py
> git status -z -u
> git symbolic-ref --short HEAD
> git for-each-ref --format=%(refname)%00%(upstream:short)%00%(objectname)%00%(upstream:track) refs/heads/master refs/remotes/master
> git for-each-ref --sort -committerdate --format %(refname) %(objectname) %(*objectname)
> git remote --verbose
> git config --get commit.template
> git push origin master
Everything up-to-date
> git status -z -u
> git symbolic-ref --short HEAD
> git for-each-ref --format=%(refname)%00%(upstream:short)%00%(objectname)%00%(upstream:track) refs/heads/master refs/remotes/master
> git for-each-ref --sort -committerdate --format %(refname) %(objectname) %(*objectname)
> git remote --verbose
> git config --get commit.template
> git push origin master
Everything up-to-date
> git status -z -u
> git symbolic-ref --short HEAD
> git for-each-ref --format=%(refname)%00%(upstream:short)%00%(objectname)%00%(upstream:track) refs/heads/master refs/remotes/master
> git for-each-ref --sort -committerdate --format %(refname) %(objectname) %(*objectname)
> git remote --verbose
> git config --get commit.template
> git ls-tree -l HEAD -- /home/reem/vscode_test/test.py
> git ls-tree -l HEAD -- /home/reem/vscode_test/test.py
> git show --textconv :test.py
> git ls-files --stage -- /home/reem/vscode_test/test.py
> git cat-file -s f2e8ff4a61d6c7c70d981d717cd25fd6465ddaab
> git ls-tree -l HEAD -- /home/reem/vscode_test/test.py
> git ls-tree -l HEAD -- /home/reem/vscode_test/test.py
> git push origin master
Everything up-to-date
> git status -z -u
> git symbolic-ref --short HEAD
> git for-each-ref --format=%(refname)%00%(upstream:short)%00%(objectname)%00%(upstream:track) refs/heads/master refs/remotes/master
> git for-each-ref --sort -committerdate --format %(refname) %(objectname) %(*objectname)
> git remote --verbose
> git config --get commit.template
> git show --textconv :test.py
> git ls-files --stage -- /home/reem/vscode_test/test.py
> git cat-file -s f2e8ff4a61d6c7c70d981d717cd25fd6465ddaab
> git ls-tree -l HEAD -- /home/reem/vscode_test/test.py
> git show --textconv :test.py
> git ls-files --stage -- /home/reem/vscode_test/test.py
> git cat-file -s f2e8ff4a61d6c7c70d981d717cd25fd6465ddaab
> git ls-tree -l HEAD -- /home/reem/vscode_test/test.py
> git show --textconv :test.py
> git ls-files --stage -- /home/reem/vscode_test/test.py
> git cat-file -s f2e8ff4a61d6c7c70d981d717cd25fd6465ddaab
> git ls-tree -l HEAD -- /home/reem/vscode_test/test.py
> git ls-tree -l HEAD -- /home/reem/vscode_test/test.py
> git add -A -- .
> git -c user.useConfigOnly=true commit --quiet --allow-empty-message --file - --allow-empty
> git status -z -u
> git symbolic-ref --short HEAD
> git for-each-ref --format=%(refname)%00%(upstream:short)%00%(objectname)%00%(upstream:track) refs/heads/master refs/remotes/master
> git for-each-ref --sort -committerdate --format %(refname) %(objectname) %(*objectname)
> git remote --verbose
> git config --get commit.template
> git ls-tree -l HEAD -- /home/reem/vscode_test/test.py
> git show --textconv HEAD:test.py
> git ls-tree -l HEAD -- /home/reem/vscode_test/test.py
> git log --oneline --cherry master...master@{upstream} --
> git status -z -u
> git pull --tags origin master
> git symbolic-ref --short HEAD
> git for-each-ref --format=%(refname)%00%(upstream:short)%00%(objectname)%00%(upstream:track) refs/heads/master refs/remotes/master
> git for-each-ref --sort -committerdate --format %(refname) %(objectname) %(*objectname)
> git remote --verbose
> git config --get commit.template
From https://github.com/reemsu/vscode_test
 * branch            master     -> FETCH_HEAD
> git push origin master:master
> git ls-tree -l HEAD -- /home/reem/vscode_test/test.py
> git show --textconv HEAD:test.py
To https://github.com/reemsu/vscode_test.git
   7779df6..f9d3c9c  master -> master
> git status -z -u
> git symbolic-ref --short HEAD
> git for-each-ref --format=%(refname)%00%(upstream:short)%00%(objectname)%00%(upstream:track) refs/heads/master refs/remotes/master
> git for-each-ref --sort -committerdate --format %(refname) %(objectname) %(*objectname)
> git remote --verbose
> git config --get commit.template
> git ls-tree -l HEAD -- /home/reem/vscode_test/test.py
> git show --textconv HEAD:test.py
> git status -z -u
> git symbolic-ref --short HEAD
> git for-each-ref --format=%(refname)%00%(upstream:short)%00%(objectname)%00%(upstream:track) refs/heads/master refs/remotes/master
> git for-each-ref --sort -committerdate --format %(refname) %(objectname) %(*objectname)
> git remote --verbose
> git config --get commit.template
> git ls-tree -l HEAD -- /home/reem/vscode_test/test.py
> git show --textconv :test.py
> git ls-files --stage -- /home/reem/vscode_test/test.py
> git cat-file -s f2e8ff4a61d6c7c70d981d717cd25fd6465ddaab
> git ls-tree -l HEAD -- /home/reem/vscode_test/test.py
> git push origin master
Everything up-to-date
> git status -z -u
> git symbolic-ref --short HEAD
> git for-each-ref --format=%(refname)%00%(upstream:short)%00%(objectname)%00%(upstream:track) refs/heads/master refs/remotes/master
> git for-each-ref --sort -committerdate --format %(refname) %(objectname) %(*objectname)
> git remote --verbose
> git config --get commit.template
> git ls-tree -l HEAD -- /home/reem/vscode_test/test.py
> git rev-list --count bbb2629a7f36832cb1bd8030641b2305c0798bc8.. -- /home/reem/vscode_test/test.py
> git log --format=%H%n%aN%n%aE%n%at%n%ct%n%P%n%B -z -n4 -- /home/reem/vscode_test/test.py
> git status -z -u
> git symbolic-ref --short HEAD
> git for-each-ref --format=%(refname)%00%(upstream:short)%00%(objectname)%00%(upstream:track) refs/heads/master refs/remotes/master
> git for-each-ref --sort -committerdate --format %(refname) %(objectname) %(*objectname)
> git remote --verbose
> git config --get commit.template
> git ls-tree -l HEAD -- /home/reem/vscode_test/test.py
> git ls-tree -l HEAD -- /home/reem/vscode_test/test.py
> git checkout -q -- /home/reem/vscode_test/test.py
> git status -z -u
> git symbolic-ref --short HEAD
> git for-each-ref --format=%(refname)%00%(upstream:short)%00%(objectname)%00%(upstream:track) refs/heads/master refs/remotes/master
> git for-each-ref --sort -committerdate --format %(refname) %(objectname) %(*objectname)
> git remote --verbose
> git config --get commit.template
> git ls-tree -l HEAD -- /home/reem/vscode_test/test.py
> git show --textconv HEAD:test.py
> git status -z -u
> git symbolic-ref --short HEAD
> git for-each-ref --format=%(refname)%00%(upstream:short)%00%(objectname)%00%(upstream:track) refs/heads/master refs/remotes/master
> git for-each-ref --sort -committerdate --format %(refname) %(objectname) %(*objectname)
> git remote --verbose
> git config --get commit.template
> git rev-list --count bbb2629a7f36832cb1bd8030641b2305c0798bc8.. -- /home/reem/vscode_test/test.py
> git log --format=%H%n%aN%n%aE%n%at%n%ct%n%P%n%B -z -n4 -- /home/reem/vscode_test/test.py
> git ls-tree -l HEAD -- /home/reem/vscode_test/test.py
> git check-ignore -v -z --stdin
> git ls-tree -l HEAD -- /home/reem/vscode_test/test.py
> git status -z -u
> git ls-tree -l HEAD -- /home/reem/vscode_test/test.py
> git show --textconv HEAD:test.py
> git symbolic-ref --short HEAD
> git for-each-ref --format=%(refname)%00%(upstream:short)%00%(objectname)%00%(upstream:track) refs/heads/master refs/remotes/master
> git show --textconv HEAD:test.py
> git for-each-ref --sort -committerdate --format %(refname) %(objectname) %(*objectname)
> git remote --verbose
> git config --get commit.template
> git status -z -u
> git symbolic-ref --short HEAD
> git for-each-ref --format=%(refname)%00%(upstream:short)%00%(objectname)%00%(upstream:track) refs/heads/master refs/remotes/master
> git for-each-ref --sort -committerdate --format %(refname) %(objectname) %(*objectname)
> git remote --verbose
> git config --get commit.template
> git ls-tree -l HEAD -- /home/reem/vscode_test/test.py
